-Xajruntimetarget:1.5
-1.8
-encoding
UTF-8
-source
1.8
-target
1.8
-classpath
/Users/anyuzhi/.m2/repository/junit/junit/4.12/junit-4.12.jar:/Users/anyuzhi/.m2/repository/mysql/mysql-connector-java/5.1.35/mysql-connector-java-5.1.35.jar:/Users/anyuzhi/.m2/repository/com/alibaba/druid/1.1.21/druid-1.1.21.jar:/Users/anyuzhi/.m2/repository/javax/servlet/javax.servlet-api/3.1.0/javax.servlet-api-3.1.0.jar:/Users/anyuzhi/.m2/repository/com/fasterxml/jackson/core/jackson-databind/2.9.6/jackson-databind-2.9.6.jar:/Users/anyuzhi/.m2/repository/dom4j/dom4j/1.6.1/dom4j-1.6.1.jar:/Users/anyuzhi/.m2/repository/jaxen/jaxen/1.1.6/jaxen-1.1.6.jar:/Users/anyuzhi/.m2/repository/cglib/cglib/2.1_2/cglib-2.1_2.jar:/Users/anyuzhi/.m2/repository/org/aspectj/aspectjrt/1.9.1/aspectjrt-1.9.1.jar:/Users/anyuzhi/.m2/repository/org/hamcrest/hamcrest-core/1.3/hamcrest-core-1.3.jar:/Users/anyuzhi/.m2/repository/com/fasterxml/jackson/core/jackson-annotations/2.9.0/jackson-annotations-2.9.0.jar:/Users/anyuzhi/.m2/repository/com/fasterxml/jackson/core/jackson-core/2.9.6/jackson-core-2.9.6.jar:/Users/anyuzhi/.m2/repository/xml-apis/xml-apis/1.0.b2/xml-apis-1.0.b2.jar:/Users/anyuzhi/.m2/repository/asm/asm/1.5.3/asm-1.5.3.jar:/Users/anyuzhi/workspaces/learning/lagou/homework/LagouLearnSpringCommit/lagou-transfer/target/classes
-d
/Users/anyuzhi/workspaces/learning/lagou/homework/LagouLearnSpringCommit/lagou-transfer/target/classes
/Users/anyuzhi/workspaces/learning/lagou/homework/LagouLearnSpringCommit/lagou-transfer/src/main/java/com/lagou/edu/servlet/TransferServlet.java
/Users/anyuzhi/workspaces/learning/lagou/homework/LagouLearnSpringCommit/lagou-transfer/src/main/java/com/lagou/edu/dao/impl/JdbcAccountDaoImpl.java
/Users/anyuzhi/workspaces/learning/lagou/homework/LagouLearnSpringCommit/lagou-transfer/src/main/java/com/lagou/edu/dao/AccountDao.java
/Users/anyuzhi/workspaces/learning/lagou/homework/LagouLearnSpringCommit/lagou-transfer/src/main/java/com/lagou/edu/annotation/MyTransactional.java
/Users/anyuzhi/workspaces/learning/lagou/homework/LagouLearnSpringCommit/lagou-transfer/src/main/java/com/lagou/edu/annotation/MyService.java
/Users/anyuzhi/workspaces/learning/lagou/homework/LagouLearnSpringCommit/lagou-transfer/src/main/java/com/lagou/edu/annotation/MyAutowired.java
/Users/anyuzhi/workspaces/learning/lagou/homework/LagouLearnSpringCommit/lagou-transfer/src/main/java/com/lagou/edu/utils/TransactionManager.java
/Users/anyuzhi/workspaces/learning/lagou/homework/LagouLearnSpringCommit/lagou-transfer/src/main/java/com/lagou/edu/utils/ConnectionUtils.java
/Users/anyuzhi/workspaces/learning/lagou/homework/LagouLearnSpringCommit/lagou-transfer/src/main/java/com/lagou/edu/utils/DruidUtils.java
/Users/anyuzhi/workspaces/learning/lagou/homework/LagouLearnSpringCommit/lagou-transfer/src/main/java/com/lagou/edu/utils/JsonUtils.java
/Users/anyuzhi/workspaces/learning/lagou/homework/LagouLearnSpringCommit/lagou-transfer/src/main/java/com/lagou/edu/aop/AopHandler.java
/Users/anyuzhi/workspaces/learning/lagou/homework/LagouLearnSpringCommit/lagou-transfer/src/main/java/com/lagou/edu/service/impl/TransferServiceImpl.java
/Users/anyuzhi/workspaces/learning/lagou/homework/LagouLearnSpringCommit/lagou-transfer/src/main/java/com/lagou/edu/service/TransferService.java
/Users/anyuzhi/workspaces/learning/lagou/homework/LagouLearnSpringCommit/lagou-transfer/src/main/java/com/lagou/edu/pojo/Account.java
/Users/anyuzhi/workspaces/learning/lagou/homework/LagouLearnSpringCommit/lagou-transfer/src/main/java/com/lagou/edu/pojo/Result.java
/Users/anyuzhi/workspaces/learning/lagou/homework/LagouLearnSpringCommit/lagou-transfer/src/main/java/com/lagou/edu/factory/ProxyFactory.java
/Users/anyuzhi/workspaces/learning/lagou/homework/LagouLearnSpringCommit/lagou-transfer/src/main/java/com/lagou/edu/factory/BeanFactory.java
